<?xml version="1.0" encoding="UTF-8"?>
<testng-results skipped="0" failed="1" ignored="0" total="2" passed="1">
  <reporter-output>
    <line>
      <![CDATA[用例前log]]>
    </line>
    <line>
      <![CDATA[用例前log]]>
    </line>
  </reporter-output>
  <suite name="Default Suite" duration-ms="25614" started-at="2021-01-21T08:46:30Z" finished-at="2021-01-21T08:46:56Z">
    <groups>
    </groups>
    <test name="automation" duration-ms="25614" started-at="2021-01-21T08:46:30Z" finished-at="2021-01-21T08:46:56Z">
      <class name="assertTest">
        <test-method status="PASS" signature="beforeTest()[pri:0, instance:assertTest@7f63425a]" name="beforeTest" is-config="true" duration-ms="11" started-at="2021-01-21T08:46:30Z" finished-at="2021-01-21T08:46:30Z">
          <reporter-output>
          </reporter-output>
        </test-method> <!-- beforeTest -->
        <test-method status="PASS" signature="beforeClass()[pri:0, instance:assertTest@7f63425a]" name="beforeClass" is-config="true" duration-ms="1" started-at="2021-01-21T08:46:30Z" finished-at="2021-01-21T08:46:30Z">
          <reporter-output>
          </reporter-output>
        </test-method> <!-- beforeClass -->
        <test-method status="PASS" signature="before()[pri:0, instance:assertTest@7f63425a]" name="before" is-config="true" duration-ms="13499" started-at="2021-01-21T08:46:30Z" finished-at="2021-01-21T08:46:44Z">
          <reporter-output>
            <line>
              <![CDATA[用例前log]]>
            </line>
          </reporter-output>
        </test-method> <!-- before -->
        <test-method status="FAIL" signature="test1()[pri:0, instance:assertTest@7f63425a]" name="test1" duration-ms="1624" started-at="2021-01-21T08:46:44Z" finished-at="2021-01-21T08:46:45Z">
          <exception class="java.lang.AssertionError">
            <message>
              <![CDATA[expected [密码错误多次，你还有最后一次机会，如果还是不对，账号将被锁定一小时。] but found [×
账号或密码错误。]]]>
            </message>
            <full-stacktrace>
              <![CDATA[java.lang.AssertionError: expected [密码错误多次，你还有最后一次机会，如果还是不对，账号将被锁定一小时。] but found [×
账号或密码错误。]
at org.testng.Assert.fail(Assert.java:96)
at org.testng.Assert.failNotEquals(Assert.java:776)
at org.testng.Assert.assertEqualsImpl(Assert.java:137)
at org.testng.Assert.assertEquals(Assert.java:118)
at org.testng.Assert.assertEquals(Assert.java:453)
at org.testng.Assert.assertEquals(Assert.java:463)
at assertTest.test1(assertTest.java:55)
at sun.reflect.NativeMethodAccessorImpl.invoke0(Native Method)
at sun.reflect.NativeMethodAccessorImpl.invoke(NativeMethodAccessorImpl.java:62)
at sun.reflect.DelegatingMethodAccessorImpl.invoke(DelegatingMethodAccessorImpl.java:43)
at java.lang.reflect.Method.invoke(Method.java:498)
at org.testng.internal.MethodInvocationHelper.invokeMethod(MethodInvocationHelper.java:124)
at org.testng.internal.Invoker.invokeMethod(Invoker.java:580)
at org.testng.internal.Invoker.invokeTestMethod(Invoker.java:716)
at org.testng.internal.Invoker.invokeTestMethods(Invoker.java:988)
at org.testng.internal.TestMethodWorker.invokeTestMethods(TestMethodWorker.java:125)
at org.testng.internal.TestMethodWorker.run(TestMethodWorker.java:109)
at org.testng.TestRunner.privateRun(TestRunner.java:648)
at org.testng.TestRunner.run(TestRunner.java:505)
at org.testng.SuiteRunner.runTest(SuiteRunner.java:455)
at org.testng.SuiteRunner.runSequentially(SuiteRunner.java:450)
at org.testng.SuiteRunner.privateRun(SuiteRunner.java:415)
at org.testng.SuiteRunner.run(SuiteRunner.java:364)
at org.testng.SuiteRunnerWorker.runSuite(SuiteRunnerWorker.java:52)
at org.testng.SuiteRunnerWorker.run(SuiteRunnerWorker.java:84)
at org.testng.TestNG.runSuitesSequentially(TestNG.java:1208)
at org.testng.TestNG.runSuitesLocally(TestNG.java:1137)
at org.testng.TestNG.runSuites(TestNG.java:1049)
at org.testng.TestNG.run(TestNG.java:1017)
at org.testng.IDEARemoteTestNG.run(IDEARemoteTestNG.java:73)
at org.testng.RemoteTestNGStarter.main(RemoteTestNGStarter.java:123)
]]>
            </full-stacktrace>
          </exception> <!-- java.lang.AssertionError -->
          <reporter-output>
          </reporter-output>
        </test-method> <!-- test1 -->
        <test-method status="PASS" signature="After()[pri:0, instance:assertTest@7f63425a]" name="After" is-config="true" duration-ms="217" started-at="2021-01-21T08:46:45Z" finished-at="2021-01-21T08:46:45Z">
          <reporter-output>
          </reporter-output>
        </test-method> <!-- After -->
        <test-method status="PASS" signature="before()[pri:0, instance:assertTest@7f63425a]" name="before" is-config="true" duration-ms="3086" started-at="2021-01-21T08:46:45Z" finished-at="2021-01-21T08:46:49Z">
          <reporter-output>
            <line>
              <![CDATA[用例前log]]>
            </line>
          </reporter-output>
        </test-method> <!-- before -->
        <test-method status="PASS" signature="test2()[pri:0, instance:assertTest@7f63425a]" name="test2" duration-ms="1976" started-at="2021-01-21T08:46:49Z" finished-at="2021-01-21T08:46:51Z">
          <reporter-output>
          </reporter-output>
        </test-method> <!-- test2 -->
        <test-method status="PASS" signature="After()[pri:0, instance:assertTest@7f63425a]" name="After" is-config="true" duration-ms="159" started-at="2021-01-21T08:46:51Z" finished-at="2021-01-21T08:46:51Z">
          <reporter-output>
          </reporter-output>
        </test-method> <!-- After -->
        <test-method status="PASS" signature="AfterClass()[pri:0, instance:assertTest@7f63425a]" name="AfterClass" is-config="true" duration-ms="5016" started-at="2021-01-21T08:46:51Z" finished-at="2021-01-21T08:46:56Z">
          <reporter-output>
          </reporter-output>
        </test-method> <!-- AfterClass -->
        <test-method status="PASS" signature="afterTest()[pri:0, instance:assertTest@7f63425a]" name="afterTest" is-config="true" duration-ms="0" started-at="2021-01-21T08:46:56Z" finished-at="2021-01-21T08:46:56Z">
          <reporter-output>
          </reporter-output>
        </test-method> <!-- afterTest -->
      </class> <!-- assertTest -->
    </test> <!-- automation -->
  </suite> <!-- Default Suite -->
</testng-results>
